[2026-04-20T17:57:42.297Z] GET http://localhost:2000/ → 200 (7ms, 41434B)
[2026-04-20T17:57:42.311Z] GET https://fonts.googleapis.com/css?family=Montserrat:900,700,400|Inter:400,600&display=swap → 200 (100ms, 10762B)
[2026-04-20T17:57:42.311Z] GET https://fonts.googleapis.com/css2?family=Anton:wght@400&display=swap → 200 (99ms, 1227B)
[2026-04-20T17:57:42.311Z] GET https://fonts.googleapis.com/css2?family=Fira+Mono:wght@400;500;700&display=swap → 200 (100ms, 7190B)
[2026-04-20T17:57:42.312Z] GET https://fonts.googleapis.com/css2?family=Fraunces:opsz,wght@9..144,400;9..144,500;9..144,600;9..144,700&family=Instrument+Serif:ital@0;1&family=JetBrains+Mono:wght@300;400;500;700&display=swap → 200 (207ms, 16507B)
[2026-04-20T17:57:42.312Z] GET https://unpkg.com/gsap@3/dist/gsap.min.js → 302 (114ms, ?B)
[2026-04-20T17:57:42.312Z] GET https://unpkg.com/gsap@3/dist/ScrollTrigger.min.js → 302 (131ms, ?B)
[2026-04-20T17:57:42.312Z] GET https://unpkg.com/@google/model-viewer/dist/model-viewer.min.js → 302 (121ms, ?B)
[2026-04-20T17:57:42.312Z] GET http://localhost:2000/style.css → 200 (4ms, 426B)
[2026-04-20T17:57:42.312Z] GET http://localhost:2000/styles/index.css → 200 (5ms, 3078B)
[2026-04-20T17:57:42.312Z] GET http://localhost:2000/styles/about.css → 200 (5ms, 10932B)
[2026-04-20T17:57:42.312Z] GET http://localhost:2000/styles/experience.css → 200 (9ms, 23545B)
[2026-04-20T17:57:42.312Z] GET http://localhost:2000/styles/spa.css → 200 (8ms, 8081B)
[2026-04-20T17:57:42.312Z] GET http://localhost:2000/styles/projects-new.css → 200 (9ms, 20853B)
[2026-04-20T17:57:42.312Z] GET http://localhost:2000/styles/contact.css → 200 (9ms, 4049B)
[2026-04-20T17:57:42.312Z] GET http://localhost:2000/styles/bg-effects.css → 200 (10ms, 3569B)
[2026-04-20T17:57:42.312Z] GET http://localhost:2000/styles/poker.css → 200 (11ms, 25507B)
[2026-04-20T17:57:42.312Z] GET http://localhost:2000/styles/intro.css → 200 (10ms, 3694B)
[2026-04-20T17:57:42.312Z] GET http://localhost:2000/Images/Penn.png → 200 (10ms, 24731B)
[2026-04-20T17:57:42.313Z] GET http://localhost:2000/Images/ThomasPortrait.png → 200 (10ms, 1629331B)
[2026-04-20T17:57:42.313Z] GET https://cdn.jsdelivr.net/gh/devicons/devicon/icons/python/python-original.svg → 200 (97ms, 2300B)
[2026-04-20T17:57:42.313Z] GET https://cdn.jsdelivr.net/gh/devicons/devicon/icons/cplusplus/cplusplus-original.svg → 200 (97ms, 1143B)
[2026-04-20T17:57:42.313Z] GET https://cdn.jsdelivr.net/gh/devicons/devicon/icons/r/r-original.svg → 200 (116ms, 1359B)
[2026-04-20T17:57:42.313Z] GET https://cdn.jsdelivr.net/gh/devicons/devicon/icons/ocaml/ocaml-original.svg → 200 (258ms, 4193B)
[2026-04-20T17:57:42.313Z] GET https://cdn.jsdelivr.net/gh/devicons/devicon/icons/java/java-original.svg → 200 (264ms, 1540B)
[2026-04-20T17:57:42.313Z] GET https://cdn.jsdelivr.net/gh/devicons/devicon/icons/matlab/matlab-original.svg → 200 (265ms, 1878B)
[2026-04-20T17:57:42.313Z] GET https://cdn.jsdelivr.net/gh/devicons/devicon/icons/html5/html5-original.svg → 200 (265ms, 607B)
[2026-04-20T17:57:42.313Z] GET https://cdn.jsdelivr.net/gh/devicons/devicon/icons/css3/css3-original.svg → 200 (271ms, 778B)
[2026-04-20T17:57:42.313Z] GET https://cdn.jsdelivr.net/gh/devicons/devicon/icons/javascript/javascript-original.svg → 200 (266ms, 1144B)
[2026-04-20T17:57:42.313Z] GET https://cdn.jsdelivr.net/gh/devicons/devicon/icons/numpy/numpy-original.svg → 200 (272ms, 758B)
[2026-04-20T17:57:42.313Z] GET https://cdn.jsdelivr.net/gh/devicons/devicon/icons/pandas/pandas-original.svg → 200 (271ms, 462B)
[2026-04-20T17:57:42.313Z] GET http://localhost:2000/Images/Icons/Sckit.png → 200 (256ms, 81324B)
[2026-04-20T17:57:42.313Z] GET https://cdn.jsdelivr.net/gh/devicons/devicon/icons/pytorch/pytorch-original.svg → 200 (268ms, 404B)
[2026-04-20T17:57:42.313Z] GET https://cdn.jsdelivr.net/gh/devicons/devicon/icons/react/react-original.svg → 200 (269ms, 2387B)
[2026-04-20T17:57:42.314Z] GET https://cdn.jsdelivr.net/gh/devicons/devicon/icons/tensorflow/tensorflow-original.svg → 200 (272ms, 291B)
[2026-04-20T17:57:42.314Z] GET https://cdn.jsdelivr.net/gh/devicons/devicon/icons/matplotlib/matplotlib-original.svg → 200 (272ms, 23506B)
[2026-04-20T17:57:42.314Z] GET https://cdn.jsdelivr.net/gh/devicons/devicon/icons/mysql/mysql-original.svg → 200 (271ms, 2765B)
[2026-04-20T17:57:42.314Z] GET https://cdn.jsdelivr.net/gh/devicons/devicon/icons/postgresql/postgresql-original.svg → 200 (268ms, 9178B)
[2026-04-20T17:57:42.314Z] GET https://cdn.jsdelivr.net/gh/devicons/devicon/icons/mongodb/mongodb-original.svg → 200 (272ms, 5611B)
[2026-04-20T17:57:42.314Z] GET https://cdn.jsdelivr.net/gh/devicons/devicon/icons/nodejs/nodejs-original.svg → 200 (266ms, 1806B)
[2026-04-20T17:57:42.314Z] GET https://cdn.jsdelivr.net/gh/devicons/devicon/icons/git/git-original.svg → 200 (271ms, 778B)
[2026-04-20T17:57:42.314Z] GET http://localhost:2000/Images/SchoolPortrait.png → 200 (256ms, 1278364B)
[2026-04-20T17:57:42.314Z] GET http://localhost:2000/js/spa-router.js → 200 (273ms, 7536B)
[2026-04-20T17:57:42.314Z] GET http://localhost:2000/js/spa-projects-new.js → 200 (274ms, 38632B)
[2026-04-20T17:57:42.314Z] GET http://localhost:2000/js/spa-init.js → 200 (274ms, 17310B)
[2026-04-20T17:57:42.314Z] GET http://localhost:2000/js/dynamic-models.js → 200 (273ms, 5499B)
[2026-04-20T17:57:42.314Z] GET http://localhost:2000/js/navigation.js → 200 (275ms, 4073B)
[2026-04-20T17:57:42.315Z] GET http://localhost:2000/js/about.js → 200 (273ms, 517B)
[2026-04-20T17:57:42.315Z] GET http://localhost:2000/js/experience.js → 200 (274ms, 23485B)
[2026-04-20T17:57:42.315Z] GET http://localhost:2000/js/contact.js → 200 (8ms, 11609B)
[2026-04-20T17:57:42.315Z] GET http://localhost:2000/js/poker.js → 200 (274ms, 13089B)
[2026-04-20T17:57:42.315Z] GET http://localhost:2000/js/intro.js → 200 (8ms, 19531B)
[2026-04-20T17:57:42.426Z] GET https://unpkg.com/gsap@3.15.0/dist/gsap.min.js → 200 (42ms, 72927B)
[2026-04-20T17:57:42.433Z] GET https://unpkg.com/@google/model-viewer@4.2.0/dist/model-viewer.min.js → 200 (170ms, 1041839B)
[2026-04-20T17:57:42.443Z] GET https://unpkg.com/gsap@3.15.0/dist/ScrollTrigger.min.js → 200 (53ms, 44575B)
[2026-04-20T17:57:42.569Z] GET https://fonts.gstatic.com/s/instrumentserif/v5/jizHRFtNs2ka5fXjeivQ4LroWlx-6zAjjH7Motmp5g.woff2 → 200 (87ms, 15684B)
[2026-04-20T17:57:42.569Z] GET https://fonts.gstatic.com/s/jetbrainsmono/v24/tDbV2o-flEEny0FZhsfKu5WU4xD7OwGtT0rU.woff2 → 200 (87ms, 40480B)
[2026-04-20T17:57:42.569Z] GET https://fonts.gstatic.com/s/instrumentserif/v5/jizBRFtNs2ka5fXjeivQ4LroWlx-6zUTjnTLgNs.woff2 → 200 (86ms, 15040B)
[2026-04-20T17:57:42.569Z] GET https://fonts.gstatic.com/s/inter/v20/UcC73FwrK3iLTeHuS_nVMrMxCp50SjIa1ZL7W0Q5nw.woff2 → 200 (87ms, 48432B)
[2026-04-20T17:57:42.569Z] GET https://fonts.gstatic.com/s/firamono/v16/N0bX2SlFPv1weGeLZDtgJv7Ss9XZYQ.woff2 → 200 (87ms, 10756B)
[2026-04-20T17:57:42.569Z] GET https://fonts.gstatic.com/s/fraunces/v38/6NU78FyLNQOQZAnv9bYEvDiIdE9Ea92uemAk_WBq8U_9v0c2Wa0KxC9TeP2Xz5c.woff2 → 200 (87ms, 67388B)
[2026-04-20T17:57:42.587Z] GET https://unpkg.com/three@0.155.0/build/three.module.js → 200 (206ms, ?B)
[2026-04-20T17:57:44.893Z] GET http://localhost:2000/ → 200 (2ms, 41434B)
[2026-04-20T17:57:44.901Z] GET https://fonts.googleapis.com/css?family=Montserrat:900,700,400|Inter:400,600&display=swap → 200 (?ms, 10762B)
[2026-04-20T17:57:44.901Z] GET https://fonts.googleapis.com/css2?family=Anton:wght@400&display=swap → 200 (?ms, 1227B)
[2026-04-20T17:57:44.901Z] GET https://fonts.googleapis.com/css2?family=Fira+Mono:wght@400;500;700&display=swap → 200 (?ms, 7190B)
[2026-04-20T17:57:44.902Z] GET https://fonts.googleapis.com/css2?family=Fraunces:opsz,wght@9..144,400;9..144,500;9..144,600;9..144,700&family=Instrument+Serif:ital@0;1&family=JetBrains+Mono:wght@300;400;500;700&display=swap → 200 (?ms, 16507B)
[2026-04-20T17:57:44.902Z] GET https://unpkg.com/gsap@3/dist/gsap.min.js → 200 (1ms, 72927B)
[2026-04-20T17:57:44.903Z] GET https://unpkg.com/gsap@3/dist/ScrollTrigger.min.js → 200 (?ms, 44575B)
[2026-04-20T17:57:44.903Z] GET https://unpkg.com/@google/model-viewer/dist/model-viewer.min.js → 200 (1ms, 1041839B)
[2026-04-20T17:57:44.904Z] GET http://localhost:2000/style.css → 304 (15ms, ?B)
[2026-04-20T17:57:44.904Z] GET http://localhost:2000/styles/index.css → 304 (15ms, ?B)
[2026-04-20T17:57:44.904Z] GET http://localhost:2000/styles/about.css → 304 (15ms, ?B)
[2026-04-20T17:57:44.904Z] GET http://localhost:2000/styles/experience.css → 304 (15ms, ?B)
[2026-04-20T17:57:44.904Z] GET http://localhost:2000/styles/spa.css → 304 (15ms, ?B)
[2026-04-20T17:57:44.912Z] GET http://localhost:2000/styles/projects-new.css → 304 (7ms, ?B)
[2026-04-20T17:57:44.912Z] GET http://localhost:2000/styles/contact.css → 304 (8ms, ?B)
[2026-04-20T17:57:44.912Z] GET http://localhost:2000/styles/bg-effects.css → 304 (9ms, ?B)
[2026-04-20T17:57:44.912Z] GET http://localhost:2000/styles/poker.css → 304 (9ms, ?B)
[2026-04-20T17:57:44.912Z] GET http://localhost:2000/styles/intro.css → 304 (9ms, ?B)
[2026-04-20T17:57:44.912Z] GET http://localhost:2000/Images/Penn.png → 304 (9ms, ?B)
[2026-04-20T17:57:44.913Z] GET http://localhost:2000/Images/ThomasPortrait.png → 304 (8ms, ?B)
[2026-04-20T17:57:44.913Z] GET https://cdn.jsdelivr.net/gh/devicons/devicon/icons/python/python-original.svg → 200 (?ms, 2300B)
[2026-04-20T17:57:44.913Z] GET https://cdn.jsdelivr.net/gh/devicons/devicon/icons/cplusplus/cplusplus-original.svg → 200 (1ms, 1143B)
[2026-04-20T17:57:44.914Z] GET https://cdn.jsdelivr.net/gh/devicons/devicon/icons/r/r-original.svg → 200 (?ms, 1359B)
[2026-04-20T17:57:44.914Z] GET https://cdn.jsdelivr.net/gh/devicons/devicon/icons/ocaml/ocaml-original.svg → 200 (?ms, 4193B)
[2026-04-20T17:57:44.914Z] GET https://cdn.jsdelivr.net/gh/devicons/devicon/icons/java/java-original.svg → 200 (?ms, 1540B)
[2026-04-20T17:57:44.914Z] GET https://cdn.jsdelivr.net/gh/devicons/devicon/icons/matlab/matlab-original.svg → 200 (?ms, 1878B)
[2026-04-20T17:57:44.914Z] GET https://cdn.jsdelivr.net/gh/devicons/devicon/icons/html5/html5-original.svg → 200 (?ms, 607B)
[2026-04-20T17:57:44.915Z] GET https://cdn.jsdelivr.net/gh/devicons/devicon/icons/css3/css3-original.svg → 200 (?ms, 778B)
[2026-04-20T17:57:44.915Z] GET https://cdn.jsdelivr.net/gh/devicons/devicon/icons/javascript/javascript-original.svg → 200 (?ms, 1144B)
[2026-04-20T17:57:44.915Z] GET https://cdn.jsdelivr.net/gh/devicons/devicon/icons/numpy/numpy-original.svg → 200 (?ms, 758B)
[2026-04-20T17:57:44.915Z] GET https://cdn.jsdelivr.net/gh/devicons/devicon/icons/pandas/pandas-original.svg → 200 (?ms, 462B)
[2026-04-20T17:57:44.916Z] GET http://localhost:2000/Images/Icons/Sckit.png → 304 (6ms, ?B)
[2026-04-20T17:57:44.916Z] GET https://cdn.jsdelivr.net/gh/devicons/devicon/icons/pytorch/pytorch-original.svg → 200 (?ms, 404B)
[2026-04-20T17:57:44.916Z] GET https://cdn.jsdelivr.net/gh/devicons/devicon/icons/react/react-original.svg → 200 (?ms, 2387B)
[2026-04-20T17:57:44.916Z] GET https://cdn.jsdelivr.net/gh/devicons/devicon/icons/tensorflow/tensorflow-original.svg → 200 (?ms, 291B)
[2026-04-20T17:57:44.916Z] GET https://cdn.jsdelivr.net/gh/devicons/devicon/icons/matplotlib/matplotlib-original.svg → 200 (?ms, 23506B)
[2026-04-20T17:57:44.917Z] GET https://cdn.jsdelivr.net/gh/devicons/devicon/icons/mysql/mysql-original.svg → 200 (?ms, 2765B)
[2026-04-20T17:57:44.917Z] GET https://cdn.jsdelivr.net/gh/devicons/devicon/icons/postgresql/postgresql-original.svg → 200 (?ms, 9178B)
[2026-04-20T17:57:44.917Z] GET https://cdn.jsdelivr.net/gh/devicons/devicon/icons/mongodb/mongodb-original.svg → 200 (?ms, 5611B)
[2026-04-20T17:57:44.917Z] GET https://cdn.jsdelivr.net/gh/devicons/devicon/icons/nodejs/nodejs-original.svg → 200 (?ms, 1806B)
[2026-04-20T17:57:44.918Z] GET https://cdn.jsdelivr.net/gh/devicons/devicon/icons/git/git-original.svg → 200 (?ms, 778B)
[2026-04-20T17:57:44.918Z] GET http://localhost:2000/Images/SchoolPortrait.png → 304 (4ms, ?B)
[2026-04-20T17:57:44.918Z] GET http://localhost:2000/js/spa-router.js → 304 (4ms, ?B)
[2026-04-20T17:57:44.918Z] GET http://localhost:2000/js/spa-projects-new.js → 304 (5ms, ?B)
[2026-04-20T17:57:44.918Z] GET http://localhost:2000/js/spa-init.js → 304 (5ms, ?B)
[2026-04-20T17:57:44.918Z] GET http://localhost:2000/js/dynamic-models.js → 304 (5ms, ?B)
[2026-04-20T17:57:44.918Z] GET http://localhost:2000/js/navigation.js → 304 (5ms, ?B)
[2026-04-20T17:57:44.918Z] GET http://localhost:2000/js/about.js → 304 (5ms, ?B)
[2026-04-20T17:57:44.918Z] GET http://localhost:2000/js/experience.js → 304 (5ms, ?B)
[2026-04-20T17:57:44.918Z] GET http://localhost:2000/js/contact.js → 304 (3ms, ?B)
[2026-04-20T17:57:44.918Z] GET http://localhost:2000/js/poker.js → 304 (5ms, ?B)
[2026-04-20T17:57:44.919Z] GET http://localhost:2000/js/intro.js → 304 (2ms, ?B)
[2026-04-20T17:57:44.919Z] GET https://fonts.gstatic.com/s/inter/v20/UcC73FwrK3iLTeHuS_nVMrMxCp50SjIa1ZL7W0Q5nw.woff2 → 200 (?ms, ?B)
[2026-04-20T17:57:44.919Z] GET https://fonts.gstatic.com/s/firamono/v16/N0bX2SlFPv1weGeLZDtgJv7Ss9XZYQ.woff2 → 200 (?ms, ?B)
[2026-04-20T17:57:44.919Z] GET https://fonts.gstatic.com/s/fraunces/v38/6NU78FyLNQOQZAnv9bYEvDiIdE9Ea92uemAk_WBq8U_9v0c2Wa0KxC9TeP2Xz5c.woff2 → 200 (1ms, ?B)
[2026-04-20T17:57:44.920Z] GET https://fonts.gstatic.com/s/instrumentserif/v5/jizHRFtNs2ka5fXjeivQ4LroWlx-6zAjjH7Motmp5g.woff2 → 200 (?ms, ?B)
[2026-04-20T17:57:44.920Z] GET https://fonts.gstatic.com/s/instrumentserif/v5/jizBRFtNs2ka5fXjeivQ4LroWlx-6zUTjnTLgNs.woff2 → 200 (?ms, ?B)
[2026-04-20T17:57:44.920Z] GET https://fonts.gstatic.com/s/jetbrainsmono/v24/tDbV2o-flEEny0FZhsfKu5WU4xD7OwGtT0rU.woff2 → 200 (?ms, ?B)
[2026-04-20T17:57:44.922Z] GET https://unpkg.com/three@0.155.0/build/three.module.js → 200 (?ms, 1225243B)
