[2026-04-20T17:57:42.653Z] [error] THREE.WebGLRenderer: A WebGL context could not be created. Reason:  Could not create a WebGL context, VENDOR = 0xffff, DEVICE = 0xffff, GL_VENDOR = Google Inc. (Google), GL_RENDERER = ANGLE (Google, Vulkan 1.3.0 (SwiftShader Device (LLVM 10.0.0) (0x0000C0DE)), SwiftShader driver-5.0.0), GL_VERSION = 5.0.0, Sandboxed = yes, Optimus = no, AMD switchable = no, Reset notification strategy = 0x8252, ErrorMessage = BindToCurrentSequence failed: .
[2026-04-20T17:57:42.653Z] [error] THREE.WebGLRenderer: A WebGL context could not be created. Reason:  Could not create a WebGL context, VENDOR = 0xffff, DEVICE = 0xffff, GL_VENDOR = Google Inc. (Google), GL_RENDERER = ANGLE (Google, Vulkan 1.3.0 (SwiftShader Device (LLVM 10.0.0) (0x0000C0DE)), SwiftShader driver-5.0.0), GL_VERSION = 5.0.0, Sandboxed = yes, Optimus = no, AMD switchable = no, Reset notification strategy = 0x8252, ErrorMessage = BindToCurrentSequence failed: .
[2026-04-20T17:57:42.653Z] [error] THREE.WebGLRenderer: Error creating WebGL context.
[2026-04-20T17:57:42.653Z] [warning] Error: Error creating WebGL context.
    at new Lu (https://unpkg.com/@google/model-viewer@4.2.0/dist/model-viewer.min.js:28:312446)
    at new iy (https://unpkg.com/@google/model-viewer@4.2.0/dist/model-viewer.min.js:788:1366)
    at get singleton (https://unpkg.com/@google/model-viewer@4.2.0/dist/model-viewer.min.js:788:145)
    at new c (https://unpkg.com/@google/model-viewer@4.2.0/dist/model-viewer.min.js:1082:29407)
    at new u (https://unpkg.com/@google/model-viewer@4.2.0/dist/model-viewer.min.js:1082:20263)
    at new b (https://unpkg.com/@google/model-viewer@4.2.0/dist/model-viewer.min.js:1082:8934)
    at new r (https://unpkg.com/@google/model-viewer@4.2.0/dist/model-viewer.min.js:1082:6779)
    at new r (https://unpkg.com/@google/model-viewer@4.2.0/dist/model-viewer.min.js:1082:5538)
    at new r (https://unpkg.com/@google/model-viewer@4.2.0/dist/model-viewer.min.js:1082:2891)
    at new r (https://unpkg.com/@google/model-viewer@4.2.0/dist/model-viewer.min.js:1082:474)
[2026-04-20T17:57:42.804Z] [warning] WARNING: Multiple instances of Three.js being imported.
[2026-04-20T17:57:42.818Z] [log] [intro] loaded {hasPlayed: false, isMobile: false, hasWebGL: false, reduceMotion: false}
[2026-04-20T17:57:42.818Z] [log] [intro] skipping (already played / mobile / no-webgl / reduced motion)
[2026-04-20T17:57:43.063Z] [warning] The AudioContext was not allowed to start. It must be resumed (or created) after a user gesture on the page. https://developer.chrome.com/blog/autoplay/#web_audio
[2026-04-20T17:57:43.084Z] [warning] The AudioContext was not allowed to start. It must be resumed (or created) after a user gesture on the page. https://developer.chrome.com/blog/autoplay/#web_audio
[2026-04-20T17:57:43.098Z] [warning] The AudioContext was not allowed to start. It must be resumed (or created) after a user gesture on the page. https://developer.chrome.com/blog/autoplay/#web_audio
[2026-04-20T17:57:43.118Z] [warning] The AudioContext was not allowed to start. It must be resumed (or created) after a user gesture on the page. https://developer.chrome.com/blog/autoplay/#web_audio
[2026-04-20T17:57:43.278Z] [warning] The AudioContext was not allowed to start. It must be resumed (or created) after a user gesture on the page. https://developer.chrome.com/blog/autoplay/#web_audio
[2026-04-20T17:57:43.299Z] [warning] The AudioContext was not allowed to start. It must be resumed (or created) after a user gesture on the page. https://developer.chrome.com/blog/autoplay/#web_audio
[2026-04-20T17:57:44.922Z] [error] THREE.WebGLRenderer: A WebGL context could not be created. Reason:  Could not create a WebGL context, VENDOR = 0xffff, DEVICE = 0xffff, GL_VENDOR = Google Inc. (Google), GL_RENDERER = ANGLE (Google, Vulkan 1.3.0 (SwiftShader Device (LLVM 10.0.0) (0x0000C0DE)), SwiftShader driver-5.0.0), GL_VERSION = 5.0.0, Sandboxed = yes, Optimus = no, AMD switchable = no, Reset notification strategy = 0x8252, ErrorMessage = BindToCurrentSequence failed: .
[2026-04-20T17:57:44.922Z] [error] THREE.WebGLRenderer: A WebGL context could not be created. Reason:  Could not create a WebGL context, VENDOR = 0xffff, DEVICE = 0xffff, GL_VENDOR = Google Inc. (Google), GL_RENDERER = ANGLE (Google, Vulkan 1.3.0 (SwiftShader Device (LLVM 10.0.0) (0x0000C0DE)), SwiftShader driver-5.0.0), GL_VERSION = 5.0.0, Sandboxed = yes, Optimus = no, AMD switchable = no, Reset notification strategy = 0x8252, ErrorMessage = BindToCurrentSequence failed: .
[2026-04-20T17:57:44.922Z] [error] THREE.WebGLRenderer: Error creating WebGL context.
[2026-04-20T17:57:44.922Z] [warning] Error: Error creating WebGL context.
    at new Lu (https://unpkg.com/@google/model-viewer@4.2.0/dist/model-viewer.min.js:28:312446)
    at new iy (https://unpkg.com/@google/model-viewer@4.2.0/dist/model-viewer.min.js:788:1366)
    at get singleton (https://unpkg.com/@google/model-viewer@4.2.0/dist/model-viewer.min.js:788:145)
    at new c (https://unpkg.com/@google/model-viewer@4.2.0/dist/model-viewer.min.js:1082:29407)
    at new u (https://unpkg.com/@google/model-viewer@4.2.0/dist/model-viewer.min.js:1082:20263)
    at new b (https://unpkg.com/@google/model-viewer@4.2.0/dist/model-viewer.min.js:1082:8934)
    at new r (https://unpkg.com/@google/model-viewer@4.2.0/dist/model-viewer.min.js:1082:6779)
    at new r (https://unpkg.com/@google/model-viewer@4.2.0/dist/model-viewer.min.js:1082:5538)
    at new r (https://unpkg.com/@google/model-viewer@4.2.0/dist/model-viewer.min.js:1082:2891)
    at new r (https://unpkg.com/@google/model-viewer@4.2.0/dist/model-viewer.min.js:1082:474)
[2026-04-20T17:57:44.950Z] [warning] WARNING: Multiple instances of Three.js being imported.
[2026-04-20T17:57:44.951Z] [log] [intro] loaded {hasPlayed: false, isMobile: false, hasWebGL: false, reduceMotion: false}
[2026-04-20T17:57:44.951Z] [log] [intro] skipping (already played / mobile / no-webgl / reduced motion)
